  [1m[36m (121.0ms)[0m  [1mCREATE TABLE "schema_migrations" ("version" varchar NOT NULL) [0m
  [1m[35m (0.3ms)[0m  select sqlite_version(*)
  [1m[36m (86.8ms)[0m  [1mCREATE UNIQUE INDEX "unique_schema_migrations" ON "schema_migrations" ("version")[0m
  [1m[35mActiveRecord::SchemaMigration Load (0.2ms)[0m  SELECT "schema_migrations".* FROM "schema_migrations"


Started GET "/" for 127.0.0.1 at 2015-04-10 23:25:25 +0530
Processing by VisitorsController#index as HTML
  Rendered visitors/index.html.erb within layouts/application (1.8ms)
  Rendered layouts/_navigation_links.html.erb (0.9ms)
  Rendered layouts/_navigation.html.erb (2.7ms)
  Rendered layouts/_messages.html.erb (0.9ms)
Completed 200 OK in 4513ms (Views: 4492.5ms | ActiveRecord: 0.0ms)


Started GET "/pages/about" for 127.0.0.1 at 2015-04-10 23:25:37 +0530
Processing by HighVoltage::PagesController#show as HTML
  Parameters: {"id"=>"about"}
  Rendered pages/about.html.erb within layouts/application (0.6ms)
  Rendered layouts/_navigation_links.html.erb (0.5ms)
  Rendered layouts/_navigation.html.erb (2.4ms)
  Rendered layouts/_messages.html.erb (0.5ms)
Completed 200 OK in 108ms (Views: 107.3ms | ActiveRecord: 0.0ms)


Started GET "/" for 127.0.0.1 at 2015-04-10 23:25:40 +0530
Processing by VisitorsController#index as HTML
  Rendered visitors/index.html.erb within layouts/application (0.3ms)
  Rendered layouts/_navigation_links.html.erb (0.2ms)
  Rendered layouts/_navigation.html.erb (1.5ms)
  Rendered layouts/_messages.html.erb (0.1ms)
Completed 200 OK in 102ms (Views: 101.9ms | ActiveRecord: 0.0ms)


Started GET "/pages/about" for 127.0.0.1 at 2015-04-10 23:25:50 +0530
Processing by HighVoltage::PagesController#show as HTML
  Parameters: {"id"=>"about"}
  Rendered pages/about.html.erb within layouts/application (0.4ms)
  Rendered layouts/_navigation_links.html.erb (0.2ms)
  Rendered layouts/_navigation.html.erb (1.5ms)
  Rendered layouts/_messages.html.erb (0.1ms)
Completed 200 OK in 105ms (Views: 103.9ms | ActiveRecord: 0.0ms)


Started GET "/" for 127.0.0.1 at 2015-04-10 23:25:52 +0530
Processing by VisitorsController#index as HTML
  Rendered visitors/index.html.erb within layouts/application (0.1ms)
  Rendered layouts/_navigation_links.html.erb (0.2ms)
  Rendered layouts/_navigation.html.erb (1.5ms)
  Rendered layouts/_messages.html.erb (0.2ms)
Completed 200 OK in 112ms (Views: 110.5ms | ActiveRecord: 0.0ms)


Started GET "/pages/about" for 127.0.0.1 at 2015-04-10 23:26:00 +0530
Processing by HighVoltage::PagesController#show as HTML
  Parameters: {"id"=>"about"}
  Rendered pages/about.html.erb within layouts/application (0.3ms)
  Rendered layouts/_navigation_links.html.erb (0.3ms)
  Rendered layouts/_navigation.html.erb (2.1ms)
  Rendered layouts/_messages.html.erb (0.1ms)
Completed 200 OK in 115ms (Views: 114.0ms | ActiveRecord: 0.0ms)


Started GET "/" for 127.0.0.1 at 2015-04-14 22:39:50 +0530
Processing by VisitorsController#index as HTML
  Rendered visitors/index.html.erb within layouts/application (19.4ms)
  Rendered layouts/_navigation_links.html.erb (0.6ms)
  Rendered layouts/_navigation.html.erb (3.1ms)
  Rendered layouts/_messages.html.erb (0.6ms)
Completed 200 OK in 771ms (Views: 740.7ms | ActiveRecord: 0.0ms)


Started GET "/" for 127.0.0.1 at 2015-04-14 22:39:54 +0530
Processing by VisitorsController#index as HTML
  Rendered visitors/index.html.erb within layouts/application (0.3ms)
  Rendered layouts/_navigation_links.html.erb (0.5ms)
  Rendered layouts/_navigation.html.erb (2.4ms)
  Rendered layouts/_messages.html.erb (0.5ms)
Completed 200 OK in 109ms (Views: 107.8ms | ActiveRecord: 0.0ms)


Started GET "/pages/about" for 127.0.0.1 at 2015-04-14 22:39:55 +0530
Processing by HighVoltage::PagesController#show as HTML
  Parameters: {"id"=>"about"}
  Rendered pages/about.html.erb within layouts/application (0.8ms)
  Rendered layouts/_navigation_links.html.erb (0.2ms)
  Rendered layouts/_navigation.html.erb (1.6ms)
  Rendered layouts/_messages.html.erb (0.1ms)
Completed 200 OK in 146ms (Views: 145.5ms | ActiveRecord: 0.0ms)

ActionController::RoutingError (No route matches [GET] "/assets/favicon.ico"):
  web-console (2.0.0) lib/action_dispatch/debug_exceptions.rb:22:in `middleware_call'
  web-console (2.0.0) lib/action_dispatch/debug_exceptions.rb:13:in `call'
  actionpack (4.2.0) lib/action_dispatch/middleware/show_exceptions.rb:30:in `call'
  railties (4.2.0) lib/rails/rack/logger.rb:38:in `call_app'
  railties (4.2.0) lib/rails/rack/logger.rb:20:in `block in call'
  activesupport (4.2.0) lib/active_support/tagged_logging.rb:68:in `block in tagged'
  activesupport (4.2.0) lib/active_support/tagged_logging.rb:26:in `tagged'
  activesupport (4.2.0) lib/active_support/tagged_logging.rb:68:in `tagged'
  railties (4.2.0) lib/rails/rack/logger.rb:20:in `call'
  quiet_assets (1.1.0) lib/quiet_assets.rb:27:in `call_with_quiet_assets'
  actionpack (4.2.0) lib/action_dispatch/middleware/request_id.rb:21:in `call'
  rack (1.6.0) lib/rack/methodoverride.rb:22:in `call'
  rack (1.6.0) lib/rack/runtime.rb:18:in `call'
  activesupport (4.2.0) lib/active_support/cache/strategy/local_cache_middleware.rb:28:in `call'
  rack (1.6.0) lib/rack/lock.rb:17:in `call'
  actionpack (4.2.0) lib/action_dispatch/middleware/static.rb:113:in `call'
  rack (1.6.0) lib/rack/sendfile.rb:113:in `call'
  railties (4.2.0) lib/rails/engine.rb:518:in `call'
  railties (4.2.0) lib/rails/application.rb:164:in `call'
  rack (1.6.0) lib/rack/lock.rb:17:in `call'
  rack (1.6.0) lib/rack/content_length.rb:15:in `call'
  rack (1.6.0) lib/rack/handler/webrick.rb:89:in `service'
  /home/anil/.rvm/rubies/ruby-2.2.0/lib/ruby/2.2.0/webrick/httpserver.rb:138:in `service'
  /home/anil/.rvm/rubies/ruby-2.2.0/lib/ruby/2.2.0/webrick/httpserver.rb:94:in `run'
  /home/anil/.rvm/rubies/ruby-2.2.0/lib/ruby/2.2.0/webrick/server.rb:294:in `block in start_thread'




Started GET "/" for 127.0.0.1 at 2015-04-14 22:39:58 +0530
Processing by VisitorsController#index as HTML
  Rendered visitors/index.html.erb within layouts/application (0.0ms)
  Rendered layouts/_navigation_links.html.erb (0.2ms)
  Rendered layouts/_navigation.html.erb (1.6ms)
  Rendered layouts/_messages.html.erb (0.1ms)
Completed 200 OK in 107ms (Views: 106.6ms | ActiveRecord: 0.0ms)


Started GET "/pages/about" for 127.0.0.1 at 2015-04-14 22:39:59 +0530
Processing by HighVoltage::PagesController#show as HTML
  Parameters: {"id"=>"about"}
  Rendered pages/about.html.erb within layouts/application (0.2ms)
  Rendered layouts/_navigation_links.html.erb (0.3ms)
  Rendered layouts/_navigation.html.erb (1.6ms)
  Rendered layouts/_messages.html.erb (0.1ms)
Completed 200 OK in 119ms (Views: 118.0ms | ActiveRecord: 0.0ms)


Started GET "/" for 127.0.0.1 at 2015-04-14 22:40:14 +0530
Processing by VisitorsController#index as HTML
  Rendered visitors/index.html.erb within layouts/application (0.0ms)
  Rendered layouts/_navigation_links.html.erb (0.2ms)
  Rendered layouts/_navigation.html.erb (1.5ms)
  Rendered layouts/_messages.html.erb (0.1ms)
Completed 200 OK in 107ms (Views: 106.8ms | ActiveRecord: 0.0ms)


Started GET "/" for 127.0.0.1 at 2015-04-14 22:40:23 +0530
Processing by VisitorsController#index as HTML
  Rendered visitors/index.html.erb within layouts/application (0.1ms)
  Rendered layouts/_navigation_links.html.erb (0.2ms)
  Rendered layouts/_navigation.html.erb (1.5ms)
  Rendered layouts/_messages.html.erb (0.1ms)
Completed 200 OK in 104ms (Views: 103.8ms | ActiveRecord: 0.0ms)


Started GET "/pages/about" for 127.0.0.1 at 2015-04-14 22:40:24 +0530
Processing by HighVoltage::PagesController#show as HTML
  Parameters: {"id"=>"about"}
  Rendered pages/about.html.erb within layouts/application (0.2ms)
  Rendered layouts/_navigation_links.html.erb (0.2ms)
  Rendered layouts/_navigation.html.erb (1.5ms)
  Rendered layouts/_messages.html.erb (0.1ms)
Completed 200 OK in 122ms (Views: 120.3ms | ActiveRecord: 0.0ms)


Started GET "/" for 127.0.0.1 at 2015-04-14 22:40:26 +0530
Processing by VisitorsController#index as HTML
  Rendered visitors/index.html.erb within layouts/application (0.0ms)
  Rendered layouts/_navigation_links.html.erb (0.2ms)
  Rendered layouts/_navigation.html.erb (1.5ms)
  Rendered layouts/_messages.html.erb (0.1ms)
Completed 200 OK in 110ms (Views: 109.7ms | ActiveRecord: 0.0ms)


Started GET "/" for 127.0.0.1 at 2015-04-14 23:10:41 +0530
Processing by VisitorsController#index as HTML
  Rendered visitors/index.html.erb within layouts/application (1.7ms)
  Rendered layouts/_navigation_links.html.erb (0.7ms)
  Rendered layouts/_navigation.html.erb (2.4ms)
  Rendered layouts/_messages.html.erb (0.6ms)
Completed 200 OK in 242ms (Views: 221.7ms | ActiveRecord: 0.0ms)
  [1m[36mActiveRecord::SchemaMigration Load (0.1ms)[0m  [1mSELECT "schema_migrations".* FROM "schema_migrations"[0m
Migrating to DeviseCreateUsers (20150414174435)
  [1m[35m (0.1ms)[0m  begin transaction
DEPRECATION WARNING: `#timestamp` was called without specifying an option for `null`. In Rails 5, this behavior will change to `null: false`. You should manually specify `null: true` to prevent the behavior of your existing migrations from changing. (called from block in change at /home/anil/livepro/navee_vick_app/db/migrate/20150414174435_devise_create_users.rb:34)
  [1m[36m (0.5ms)[0m  [1mCREATE TABLE "users" ("id" INTEGER PRIMARY KEY AUTOINCREMENT NOT NULL, "email" varchar DEFAULT '' NOT NULL, "encrypted_password" varchar DEFAULT '' NOT NULL, "reset_password_token" varchar, "reset_password_sent_at" datetime, "remember_created_at" datetime, "sign_in_count" integer DEFAULT 0 NOT NULL, "current_sign_in_at" datetime, "last_sign_in_at" datetime, "current_sign_in_ip" varchar, "last_sign_in_ip" varchar, "confirmation_token" varchar, "confirmed_at" datetime, "confirmation_sent_at" datetime, "unconfirmed_email" varchar, "failed_attempts" integer DEFAULT 3 NOT NULL, "unlock_token" varchar, "locked_at" datetime, "created_at" datetime, "updated_at" datetime) [0m
  [1m[35m (0.1ms)[0m  select sqlite_version(*)
  [1m[36m (0.2ms)[0m  [1mCREATE UNIQUE INDEX "index_users_on_email" ON "users" ("email")[0m
  [1m[35m (0.1ms)[0m              SELECT sql
            FROM sqlite_master
            WHERE name='index_users_on_email' AND type='index'
            UNION ALL
            SELECT sql
            FROM sqlite_temp_master
            WHERE name='index_users_on_email' AND type='index'

  [1m[36m (0.2ms)[0m  [1mCREATE UNIQUE INDEX "index_users_on_reset_password_token" ON "users" ("reset_password_token")[0m
  [1m[35mSQL (0.2ms)[0m  INSERT INTO "schema_migrations" ("version") VALUES (?)  [["version", "20150414174435"]]
  [1m[36m (150.7ms)[0m  [1mcommit transaction[0m
Migrating to AddNameToUsers (20150414174449)
  [1m[35m (0.2ms)[0m  begin transaction
  [1m[36m (0.9ms)[0m  [1mALTER TABLE "users" ADD "name" varchar[0m
  [1m[35mSQL (0.8ms)[0m  INSERT INTO "schema_migrations" ("version") VALUES (?)  [["version", "20150414174449"]]
  [1m[36m (115.0ms)[0m  [1mcommit transaction[0m
Migrating to CreateIdentities (20150414174509)
  [1m[35m (0.2ms)[0m  begin transaction
  [1m[36m (0.8ms)[0m  [1mCREATE TABLE "identities" ("id" INTEGER PRIMARY KEY AUTOINCREMENT NOT NULL, "user_id" integer, "provider" varchar, "uid" varchar, "created_at" datetime NOT NULL, "updated_at" datetime NOT NULL) [0m
  [1m[35m (0.4ms)[0m  CREATE  INDEX "index_identities_on_user_id" ON "identities" ("user_id")
  [1m[36mSQL (0.3ms)[0m  [1mINSERT INTO "schema_migrations" ("version") VALUES (?)[0m  [["version", "20150414174509"]]
  [1m[35m (147.8ms)[0m  commit transaction
  [1m[36mActiveRecord::SchemaMigration Load (0.1ms)[0m  [1mSELECT "schema_migrations".* FROM "schema_migrations"[0m
  [1m[35m (0.1ms)[0m              SELECT sql
            FROM sqlite_master
            WHERE name='index_identities_on_user_id' AND type='index'
            UNION ALL
            SELECT sql
            FROM sqlite_temp_master
            WHERE name='index_identities_on_user_id' AND type='index'

  [1m[36m (0.1ms)[0m  [1m            SELECT sql
            FROM sqlite_master
            WHERE name='index_users_on_reset_password_token' AND type='index'
            UNION ALL
            SELECT sql
            FROM sqlite_temp_master
            WHERE name='index_users_on_reset_password_token' AND type='index'
[0m
  [1m[35m (0.1ms)[0m              SELECT sql
            FROM sqlite_master
            WHERE name='index_users_on_email' AND type='index'
            UNION ALL
            SELECT sql
            FROM sqlite_temp_master
            WHERE name='index_users_on_email' AND type='index'



Started GET "/" for 127.0.0.1 at 2015-04-14 23:41:20 +0530
  [1m[36mActiveRecord::SchemaMigration Load (0.2ms)[0m  [1mSELECT "schema_migrations".* FROM "schema_migrations"[0m
Processing by VisitorsController#index as HTML
  Rendered visitors/index.html.erb within layouts/application (1.4ms)
  Rendered layouts/_navigation_links.html.erb (0.9ms)
  Rendered layouts/_navigation.html.erb (3.2ms)
  Rendered layouts/_messages.html.erb (0.9ms)
Completed 200 OK in 552ms (Views: 530.5ms | ActiveRecord: 0.0ms)


Started GET "/" for 127.0.0.1 at 2015-04-14 23:41:56 +0530
Processing by VisitorsController#index as HTML
Completed 401 Unauthorized in 15ms


Started GET "/users/sign_in" for 127.0.0.1 at 2015-04-14 23:41:57 +0530
Processing by Devise::SessionsController#new as HTML
  Rendered /home/anil/.rvm/gems/ruby-2.2.0@rails-bootstrap/gems/devise-3.4.1/app/views/devise/shared/_links.html.erb (21.5ms)
  Rendered /home/anil/.rvm/gems/ruby-2.2.0@rails-bootstrap/gems/devise-3.4.1/app/views/devise/sessions/new.html.erb within layouts/application (191.2ms)
  Rendered layouts/_navigation_links.html.erb (0.2ms)
  Rendered layouts/_navigation.html.erb (1.3ms)
  Rendered layouts/_messages.html.erb (0.1ms)
Completed 200 OK in 342ms (Views: 322.6ms | ActiveRecord: 0.7ms)


Started GET "/users/sign_in" for 127.0.0.1 at 2015-04-14 23:44:13 +0530
Processing by Devise::SessionsController#new as HTML
  Rendered /home/anil/.rvm/gems/ruby-2.2.0@rails-bootstrap/gems/devise-3.4.1/app/views/devise/shared/_links.html.erb (15.6ms)
  Rendered /home/anil/.rvm/gems/ruby-2.2.0@rails-bootstrap/gems/devise-3.4.1/app/views/devise/sessions/new.html.erb within layouts/application (24.3ms)
  Rendered layouts/_navigation_links.html.erb (0.2ms)
  Rendered layouts/_navigation.html.erb (1.3ms)
  Rendered layouts/_messages.html.erb (0.1ms)
Completed 200 OK in 158ms (Views: 155.6ms | ActiveRecord: 0.0ms)


Started GET "/" for 127.0.0.1 at 2015-04-14 23:44:19 +0530
Processing by VisitorsController#index as HTML
Completed 401 Unauthorized in 1ms


Started GET "/users/sign_in" for 127.0.0.1 at 2015-04-14 23:44:19 +0530
Processing by Devise::SessionsController#new as HTML
  Rendered /home/anil/.rvm/gems/ruby-2.2.0@rails-bootstrap/gems/devise-3.4.1/app/views/devise/shared/_links.html.erb (17.8ms)
  Rendered /home/anil/.rvm/gems/ruby-2.2.0@rails-bootstrap/gems/devise-3.4.1/app/views/devise/sessions/new.html.erb within layouts/application (24.1ms)
  Rendered layouts/_navigation_links.html.erb (0.2ms)
  Rendered layouts/_navigation.html.erb (1.3ms)
  Rendered layouts/_messages.html.erb (0.1ms)
Completed 200 OK in 166ms (Views: 164.5ms | ActiveRecord: 0.0ms)


Started GET "/pages/about" for 127.0.0.1 at 2015-04-14 23:44:23 +0530
Processing by HighVoltage::PagesController#show as HTML
  Parameters: {"id"=>"about"}
Completed 401 Unauthorized in 1ms


Started GET "/users/sign_in" for 127.0.0.1 at 2015-04-14 23:44:23 +0530
Processing by Devise::SessionsController#new as HTML
  Rendered /home/anil/.rvm/gems/ruby-2.2.0@rails-bootstrap/gems/devise-3.4.1/app/views/devise/shared/_links.html.erb (16.2ms)
  Rendered /home/anil/.rvm/gems/ruby-2.2.0@rails-bootstrap/gems/devise-3.4.1/app/views/devise/sessions/new.html.erb within layouts/application (24.2ms)
  Rendered layouts/_navigation_links.html.erb (0.2ms)
  Rendered layouts/_navigation.html.erb (1.2ms)
  Rendered layouts/_messages.html.erb (0.1ms)
Completed 200 OK in 170ms (Views: 169.1ms | ActiveRecord: 0.0ms)


Started GET "/" for 127.0.0.1 at 2015-04-14 23:44:30 +0530
Processing by VisitorsController#index as HTML
Completed 401 Unauthorized in 2ms


Started GET "/users/sign_in" for 127.0.0.1 at 2015-04-14 23:44:30 +0530
Processing by Devise::SessionsController#new as HTML
  Rendered /home/anil/.rvm/gems/ruby-2.2.0@rails-bootstrap/gems/devise-3.4.1/app/views/devise/shared/_links.html.erb (12.9ms)
  Rendered /home/anil/.rvm/gems/ruby-2.2.0@rails-bootstrap/gems/devise-3.4.1/app/views/devise/sessions/new.html.erb within layouts/application (18.5ms)
  Rendered layouts/_navigation_links.html.erb (0.2ms)
  Rendered layouts/_navigation.html.erb (1.2ms)
  Rendered layouts/_messages.html.erb (0.1ms)
Completed 200 OK in 155ms (Views: 152.0ms | ActiveRecord: 0.0ms)


Started GET "/users/auth/facebook" for 127.0.0.1 at 2015-04-14 23:44:34 +0530


Started GET "/users/auth/facebook" for 127.0.0.1 at 2015-04-14 23:44:34 +0530


Started GET "/users/sign_up" for 127.0.0.1 at 2015-04-14 23:45:25 +0530
Processing by Devise::RegistrationsController#new as HTML
  Rendered /home/anil/.rvm/gems/ruby-2.2.0@rails-bootstrap/gems/devise-3.4.1/app/views/devise/shared/_links.html.erb (14.0ms)
  Rendered /home/anil/.rvm/gems/ruby-2.2.0@rails-bootstrap/gems/devise-3.4.1/app/views/devise/registrations/new.html.erb within layouts/application (25.3ms)
  Rendered layouts/_navigation_links.html.erb (0.2ms)
  Rendered layouts/_navigation.html.erb (1.2ms)
  Rendered layouts/_messages.html.erb (0.1ms)
Completed 200 OK in 174ms (Views: 172.5ms | ActiveRecord: 0.0ms)


Started GET "/users/auth/twitter" for 127.0.0.1 at 2015-04-14 23:51:50 +0530


Started GET "/users/auth/twitter" for 127.0.0.1 at 2015-04-14 23:51:52 +0530


Started GET "/users/sign_up" for 127.0.0.1 at 2015-04-14 23:52:10 +0530
Processing by Devise::RegistrationsController#new as HTML
  Rendered /home/anil/.rvm/gems/ruby-2.2.0@rails-bootstrap/gems/devise-3.4.1/app/views/devise/shared/_links.html.erb (12.2ms)
  Rendered /home/anil/.rvm/gems/ruby-2.2.0@rails-bootstrap/gems/devise-3.4.1/app/views/devise/registrations/new.html.erb within layouts/application (20.1ms)
  Rendered layouts/_navigation_links.html.erb (0.2ms)
  Rendered layouts/_navigation.html.erb (1.4ms)
  Rendered layouts/_messages.html.erb (0.1ms)
Completed 200 OK in 166ms (Views: 164.6ms | ActiveRecord: 0.0ms)


Started GET "/users/sign_in" for 127.0.0.1 at 2015-04-14 23:52:18 +0530
Processing by Devise::SessionsController#new as HTML
  Rendered /home/anil/.rvm/gems/ruby-2.2.0@rails-bootstrap/gems/devise-3.4.1/app/views/devise/shared/_links.html.erb (18.3ms)
  Rendered /home/anil/.rvm/gems/ruby-2.2.0@rails-bootstrap/gems/devise-3.4.1/app/views/devise/sessions/new.html.erb within layouts/application (25.2ms)
  Rendered layouts/_navigation_links.html.erb (0.2ms)
  Rendered layouts/_navigation.html.erb (1.3ms)
  Rendered layouts/_messages.html.erb (0.1ms)
Completed 200 OK in 194ms (Views: 192.6ms | ActiveRecord: 0.0ms)


Started GET "/" for 127.0.0.1 at 2015-04-14 23:59:37 +0530
  [1m[36mActiveRecord::SchemaMigration Load (0.1ms)[0m  [1mSELECT "schema_migrations".* FROM "schema_migrations"[0m
Processing by VisitorsController#index as HTML
Completed 401 Unauthorized in 35ms


Started GET "/users/sign_in" for 127.0.0.1 at 2015-04-14 23:59:37 +0530
Processing by Devise::SessionsController#new as HTML
  Rendered devise/shared/_links.erb (24.5ms)
  Rendered devise/sessions/new.html.erb within layouts/application (53.1ms)
  Rendered layouts/_navigation_links.html.erb (0.5ms)
  Rendered layouts/_navigation.html.erb (2.1ms)
  Rendered layouts/_messages.html.erb (0.6ms)
Completed 200 OK in 406ms (Views: 383.1ms | ActiveRecord: 0.6ms)


Started GET "/" for 127.0.0.1 at 2015-04-14 23:59:38 +0530
Processing by VisitorsController#index as HTML
Completed 401 Unauthorized in 1ms


Started GET "/users/sign_in" for 127.0.0.1 at 2015-04-14 23:59:38 +0530
Processing by Devise::SessionsController#new as HTML
  Rendered devise/shared/_links.erb (16.9ms)
  Rendered devise/sessions/new.html.erb within layouts/application (66.8ms)
  Rendered layouts/_navigation_links.html.erb (0.2ms)
  Rendered layouts/_navigation.html.erb (1.3ms)
  Rendered layouts/_messages.html.erb (0.1ms)
Completed 200 OK in 217ms (Views: 216.2ms | ActiveRecord: 0.0ms)


Started GET "/pages/about" for 127.0.0.1 at 2015-04-14 23:59:56 +0530
Processing by HighVoltage::PagesController#show as HTML
  Parameters: {"id"=>"about"}
Completed 401 Unauthorized in 1ms


Started GET "/users/sign_in" for 127.0.0.1 at 2015-04-14 23:59:56 +0530
Processing by Devise::SessionsController#new as HTML
  Rendered devise/shared/_links.erb (15.4ms)
  Rendered devise/sessions/new.html.erb within layouts/application (23.5ms)
  Rendered layouts/_navigation_links.html.erb (0.2ms)
  Rendered layouts/_navigation.html.erb (1.3ms)
  Rendered layouts/_messages.html.erb (0.1ms)
Completed 200 OK in 176ms (Views: 174.7ms | ActiveRecord: 0.0ms)


Started GET "/users/sign_up" for 127.0.0.1 at 2015-04-15 00:00:08 +0530
Processing by Devise::RegistrationsController#new as HTML
  Rendered devise/shared/_links.erb (18.2ms)
  Rendered devise/registrations/new.html.erb within layouts/application (26.3ms)
  Rendered layouts/_navigation_links.html.erb (0.2ms)
  Rendered layouts/_navigation.html.erb (1.4ms)
  Rendered layouts/_messages.html.erb (0.1ms)
Completed 200 OK in 179ms (Views: 177.3ms | ActiveRecord: 0.0ms)


Started GET "/users/password/new" for 127.0.0.1 at 2015-04-15 00:00:11 +0530
Processing by Devise::PasswordsController#new as HTML
  Rendered devise/shared/_links.erb (22.1ms)
  Rendered devise/passwords/new.html.erb within layouts/application (30.6ms)
  Rendered layouts/_navigation_links.html.erb (0.6ms)
  Rendered layouts/_navigation.html.erb (2.6ms)
  Rendered layouts/_messages.html.erb (0.7ms)
Completed 200 OK in 190ms (Views: 187.4ms | ActiveRecord: 0.0ms)


Started POST "/users/password" for 127.0.0.1 at 2015-04-15 00:00:26 +0530
Processing by Devise::PasswordsController#create as HTML
  Parameters: {"utf8"=>"✓", "authenticity_token"=>"bHIT3E+sFPe3La0sj1iiHnuS2+HlSNXE+Yij4ZbOiQg+ZCb+efuaiE440mzLc+phzbtnPI6pCJxXVtAAQ0LQag==", "user"=>{"email"=>"shivani.insonix@gmail.com"}, "commit"=>"Send me reset password instructions"}
  [1m[35mUser Load (0.3ms)[0m  SELECT  "users".* FROM "users" WHERE "users"."email" = ?  ORDER BY "users"."id" ASC LIMIT 1  [["email", "shivani.insonix@gmail.com"]]
  Rendered devise/shared/_links.erb (15.5ms)
  Rendered devise/passwords/new.html.erb within layouts/application (23.9ms)
  Rendered layouts/_navigation_links.html.erb (0.2ms)
  Rendered layouts/_navigation.html.erb (1.5ms)
  Rendered layouts/_messages.html.erb (0.1ms)
Completed 200 OK in 233ms (Views: 177.5ms | ActiveRecord: 0.3ms)


Started GET "/users/sign_in" for 127.0.0.1 at 2015-04-15 00:00:34 +0530
Processing by Devise::SessionsController#new as HTML
  Rendered devise/shared/_links.erb (13.5ms)
  Rendered devise/sessions/new.html.erb within layouts/application (24.1ms)
  Rendered layouts/_navigation_links.html.erb (0.2ms)
  Rendered layouts/_navigation.html.erb (1.4ms)
  Rendered layouts/_messages.html.erb (0.1ms)
Completed 200 OK in 175ms (Views: 174.2ms | ActiveRecord: 0.0ms)


Started GET "/users/confirmation/new" for 127.0.0.1 at 2015-04-15 00:00:38 +0530
Processing by Devise::ConfirmationsController#new as HTML
  Rendered devise/shared/_links.erb (15.0ms)
  Rendered devise/confirmations/new.html.erb within layouts/application (23.7ms)
  Rendered layouts/_navigation_links.html.erb (0.2ms)
  Rendered layouts/_navigation.html.erb (1.6ms)
  Rendered layouts/_messages.html.erb (0.1ms)
Completed 200 OK in 171ms (Views: 170.2ms | ActiveRecord: 0.0ms)


Started GET "/users/password/new" for 127.0.0.1 at 2015-04-15 00:00:41 +0530
Processing by Devise::PasswordsController#new as HTML
  Rendered devise/shared/_links.erb (19.7ms)
  Rendered devise/passwords/new.html.erb within layouts/application (26.7ms)
  Rendered layouts/_navigation_links.html.erb (0.2ms)
  Rendered layouts/_navigation.html.erb (1.5ms)
  Rendered layouts/_messages.html.erb (0.1ms)
Completed 200 OK in 187ms (Views: 186.2ms | ActiveRecord: 0.0ms)


Started GET "/users/sign_up" for 127.0.0.1 at 2015-04-15 00:00:42 +0530
Processing by Devise::RegistrationsController#new as HTML
  Rendered devise/shared/_links.erb (20.9ms)
  Rendered devise/registrations/new.html.erb within layouts/application (28.6ms)
  Rendered layouts/_navigation_links.html.erb (0.2ms)
  Rendered layouts/_navigation.html.erb (1.2ms)
  Rendered layouts/_messages.html.erb (0.1ms)
Completed 200 OK in 191ms (Views: 189.9ms | ActiveRecord: 0.0ms)


Started GET "/pages/about" for 127.0.0.1 at 2015-04-15 00:01:46 +0530
Processing by HighVoltage::PagesController#show as HTML
  Parameters: {"id"=>"about"}
Completed 401 Unauthorized in 1ms


Started GET "/users/sign_in" for 127.0.0.1 at 2015-04-15 00:01:46 +0530
Processing by Devise::SessionsController#new as HTML
  Rendered devise/shared/_links.erb (16.8ms)
  Rendered devise/sessions/new.html.erb within layouts/application (22.3ms)
  Rendered layouts/_navigation_links.html.erb (0.2ms)
  Rendered layouts/_navigation.html.erb (1.2ms)
  Rendered layouts/_messages.html.erb (0.1ms)
Completed 200 OK in 174ms (Views: 170.9ms | ActiveRecord: 0.0ms)


Started GET "/" for 127.0.0.1 at 2015-04-15 00:01:51 +0530
Processing by VisitorsController#index as HTML
Completed 401 Unauthorized in 1ms


Started GET "/users/sign_in" for 127.0.0.1 at 2015-04-15 00:01:51 +0530
Processing by Devise::SessionsController#new as HTML
  Rendered devise/shared/_links.erb (17.5ms)
  Rendered devise/sessions/new.html.erb within layouts/application (25.1ms)
  Rendered layouts/_navigation_links.html.erb (0.2ms)
  Rendered layouts/_navigation.html.erb (1.4ms)
  Rendered layouts/_messages.html.erb (0.1ms)
Completed 200 OK in 183ms (Views: 181.3ms | ActiveRecord: 0.0ms)


Started GET "/" for 127.0.0.1 at 2015-04-15 00:02:07 +0530
Processing by VisitorsController#index as HTML
Completed 401 Unauthorized in 1ms


Started GET "/users/sign_in" for 127.0.0.1 at 2015-04-15 00:02:07 +0530
Processing by Devise::SessionsController#new as HTML
  Rendered devise/shared/_links.erb (14.3ms)
  Rendered devise/sessions/new.html.erb within layouts/application (21.3ms)
  Rendered layouts/_navigation_links.html.erb (0.2ms)
  Rendered layouts/_navigation.html.erb (1.3ms)
  Rendered layouts/_messages.html.erb (0.1ms)
Completed 200 OK in 176ms (Views: 174.4ms | ActiveRecord: 0.0ms)


Started POST "/users/sign_in" for 127.0.0.1 at 2015-04-15 00:02:18 +0530
Processing by Devise::SessionsController#create as HTML
  Parameters: {"utf8"=>"✓", "authenticity_token"=>"AOgDYs/dETP57PLnAxNJK6wKA5aZFQkNzAu23WZCETlS/jZA+YqfTAD5jadHOAFUGiO/S/L01FVi1cU8s85IWw==", "user"=>{"email"=>"anil.insonix@gmail.com", "password"=>"[FILTERED]", "remember_me"=>"0"}, "commit"=>"Sign in"}
  [1m[36mUser Load (0.2ms)[0m  [1mSELECT  "users".* FROM "users" WHERE "users"."email" = ?  ORDER BY "users"."id" ASC LIMIT 1[0m  [["email", "anil.insonix@gmail.com"]]
Completed 401 Unauthorized in 3ms
Processing by Devise::SessionsController#new as HTML
  Parameters: {"utf8"=>"✓", "authenticity_token"=>"AOgDYs/dETP57PLnAxNJK6wKA5aZFQkNzAu23WZCETlS/jZA+YqfTAD5jadHOAFUGiO/S/L01FVi1cU8s85IWw==", "user"=>{"email"=>"anil.insonix@gmail.com", "password"=>"[FILTERED]", "remember_me"=>"0"}, "commit"=>"Sign in"}
  Rendered devise/shared/_links.erb (14.6ms)
  Rendered devise/sessions/new.html.erb within layouts/application (20.0ms)
  Rendered layouts/_navigation_links.html.erb (0.2ms)
  Rendered layouts/_navigation.html.erb (1.3ms)
  Rendered layouts/_messages.html.erb (0.3ms)
Completed 200 OK in 277ms (Views: 174.1ms | ActiveRecord: 0.0ms)


Started GET "/pages/about" for 127.0.0.1 at 2015-04-15 00:03:58 +0530
Processing by HighVoltage::PagesController#show as HTML
  Parameters: {"id"=>"about"}
Completed 401 Unauthorized in 1ms


Started GET "/users/sign_in" for 127.0.0.1 at 2015-04-15 00:03:58 +0530
Processing by Devise::SessionsController#new as HTML
  Rendered devise/shared/_links.erb (14.7ms)
  Rendered devise/sessions/new.html.erb within layouts/application (20.2ms)
  Rendered layouts/_navigation_links.html.erb (0.2ms)
  Rendered layouts/_navigation.html.erb (1.4ms)
  Rendered layouts/_messages.html.erb (0.1ms)
Completed 200 OK in 173ms (Views: 170.2ms | ActiveRecord: 0.0ms)


Started GET "/" for 127.0.0.1 at 2015-04-15 00:04:01 +0530
Processing by VisitorsController#index as HTML
Completed 401 Unauthorized in 2ms


Started GET "/users/sign_in" for 127.0.0.1 at 2015-04-15 00:04:01 +0530
Processing by Devise::SessionsController#new as HTML
  Rendered devise/shared/_links.erb (16.9ms)
  Rendered devise/sessions/new.html.erb within layouts/application (22.4ms)
  Rendered layouts/_navigation_links.html.erb (0.2ms)
  Rendered layouts/_navigation.html.erb (1.4ms)
  Rendered layouts/_messages.html.erb (0.1ms)
Completed 200 OK in 182ms (Views: 180.2ms | ActiveRecord: 0.0ms)


Started GET "/" for 127.0.0.1 at 2015-04-15 00:09:26 +0530
Processing by VisitorsController#index as HTML
Completed 401 Unauthorized in 2ms


Started GET "/users/sign_in" for 127.0.0.1 at 2015-04-15 00:09:26 +0530
Processing by Devise::SessionsController#new as HTML
  Rendered devise/shared/_links.erb (16.2ms)
  Rendered devise/sessions/new.html.erb within layouts/application (22.4ms)
  Rendered layouts/_navigation_links.html.erb (0.2ms)
  Rendered layouts/_navigation.html.erb (1.3ms)
  Rendered layouts/_messages.html.erb (0.2ms)
Completed 200 OK in 182ms (Views: 180.3ms | ActiveRecord: 0.0ms)


Started GET "/pages/about" for 127.0.0.1 at 2015-04-15 00:09:27 +0530
Processing by HighVoltage::PagesController#show as HTML
  Parameters: {"id"=>"about"}
Completed 401 Unauthorized in 1ms


Started GET "/users/sign_in" for 127.0.0.1 at 2015-04-15 00:09:27 +0530
Processing by Devise::SessionsController#new as HTML
  Rendered devise/shared/_links.erb (21.9ms)
  Rendered devise/sessions/new.html.erb within layouts/application (30.8ms)
  Rendered layouts/_navigation_links.html.erb (0.2ms)
  Rendered layouts/_navigation.html.erb (1.3ms)
  Rendered layouts/_messages.html.erb (0.2ms)
Completed 200 OK in 193ms (Views: 190.6ms | ActiveRecord: 0.0ms)


Started GET "/users/sign_up" for 127.0.0.1 at 2015-04-15 00:09:31 +0530
Processing by Devise::RegistrationsController#new as HTML
  Rendered devise/shared/_links.erb (24.7ms)
  Rendered devise/registrations/new.html.erb within layouts/application (31.4ms)
  Rendered layouts/_navigation_links.html.erb (0.2ms)
  Rendered layouts/_navigation.html.erb (1.3ms)
  Rendered layouts/_messages.html.erb (0.1ms)
Completed 200 OK in 196ms (Views: 194.9ms | ActiveRecord: 0.0ms)


Started GET "/users/sign_in" for 127.0.0.1 at 2015-04-15 00:09:33 +0530
Processing by Devise::SessionsController#new as HTML
  Rendered devise/shared/_links.erb (21.3ms)
  Rendered devise/sessions/new.html.erb within layouts/application (29.7ms)
  Rendered layouts/_navigation_links.html.erb (0.2ms)
  Rendered layouts/_navigation.html.erb (1.3ms)
  Rendered layouts/_messages.html.erb (0.1ms)
Completed 200 OK in 197ms (Views: 194.3ms | ActiveRecord: 0.0ms)


Started GET "/" for 127.0.0.1 at 2015-04-15 00:35:30 +0530
  [1m[36mActiveRecord::SchemaMigration Load (0.1ms)[0m  [1mSELECT "schema_migrations".* FROM "schema_migrations"[0m
Processing by VisitorsController#index as HTML
Completed 401 Unauthorized in 35ms


Started GET "/users/sign_in" for 127.0.0.1 at 2015-04-15 00:35:30 +0530
Processing by Devise::SessionsController#new as HTML
  Rendered devise/shared/_links.erb (30.7ms)
  Rendered devise/sessions/new.html.erb within layouts/application (59.9ms)
  Rendered layouts/_navigation_links.html.erb (0.6ms)
  Rendered layouts/_navigation.html.erb (2.2ms)
  Rendered layouts/_messages.html.erb (0.7ms)
Completed 200 OK in 378ms (Views: 354.8ms | ActiveRecord: 0.7ms)


Started GET "/users/auth/facebook" for 127.0.0.1 at 2015-04-15 00:35:34 +0530


Started GET "/users/auth/facebook" for 127.0.0.1 at 2015-04-15 00:35:34 +0530


Started GET "/" for 127.0.0.1 at 2015-04-15 00:41:00 +0530
Processing by VisitorsController#index as HTML
Completed 401 Unauthorized in 1ms


Started GET "/users/sign_in" for 127.0.0.1 at 2015-04-15 00:41:00 +0530
Processing by Devise::SessionsController#new as HTML
  Rendered devise/shared/_links.erb (15.3ms)
  Rendered devise/sessions/new.html.erb within layouts/application (22.5ms)
  Rendered layouts/_navigation_links.html.erb (0.2ms)
  Rendered layouts/_navigation.html.erb (1.3ms)
  Rendered layouts/_messages.html.erb (0.1ms)
Completed 200 OK in 169ms (Views: 166.9ms | ActiveRecord: 0.0ms)


Started GET "/users/auth/facebook" for 127.0.0.1 at 2015-04-15 00:41:03 +0530


Started GET "/users/auth/facebook" for 127.0.0.1 at 2015-04-15 00:41:03 +0530


Started GET "/users/auth/facebook/callback?code=AQACf_pooQihDwvDKPQcbn5XDbGtoCo5kO-W-AULhbKPN7ae5GgNYPdii1sL3fjNT8iSRUu8jT1eT6UvJLK9tyQzdw1TgZzfsHjR3O3-ZJlKVl86m4WoDcQbpa404E4y4kgJY1reqonMeAshFqPbZXRRN6CxmftmTrh0TK5Sk-ro2pBq0rx-LXzUc9PPGGr6gkytv3cv2eUyTozyNgzWbrrJl_u2qdZhomMAjSBIro5BviE51U_CHgIWqK0-X6ShWjUUQ_6pDG9Jg0os43clE8dmPROa1xCPg7PeKCc7kHSDej0XEjCwsbOslKBnzz4HlROCJbuTEEkEWaPOSBdhEEcW&state=c5130509648dde84d889dea576166b665c77f8aec1240f1d" for 127.0.0.1 at 2015-04-15 00:41:14 +0530

ActionController::RoutingError - uninitialized constant OmniauthCallbacksController:
  actionpack (4.2.0) lib/action_dispatch/routing/route_set.rb:62:in `rescue in controller'
  actionpack (4.2.0) lib/action_dispatch/routing/route_set.rb:57:in `controller'
  actionpack (4.2.0) lib/action_dispatch/routing/route_set.rb:38:in `serve'
  actionpack (4.2.0) lib/action_dispatch/routing/mapper.rb:49:in `serve'
  actionpack (4.2.0) lib/action_dispatch/journey/router.rb:43:in `block in serve'
  actionpack (4.2.0) lib/action_dispatch/journey/router.rb:30:in `serve'
  actionpack (4.2.0) lib/action_dispatch/routing/route_set.rb:802:in `call'
  omniauth (1.2.2) lib/omniauth/strategy.rb:186:in `call!'
  omniauth (1.2.2) lib/omniauth/strategy.rb:164:in `call'
  omniauth (1.2.2) lib/omniauth/strategy.rb:186:in `call!'
  omniauth (1.2.2) lib/omniauth/strategy.rb:164:in `call'
  omniauth (1.2.2) lib/omniauth/strategy.rb:404:in `call_app!'
  omniauth (1.2.2) lib/omniauth/strategy.rb:362:in `callback_phase'
  omniauth-oauth2 (1.2.0) lib/omniauth/strategies/oauth2.rb:77:in `callback_phase'
  omniauth-facebook (2.0.1) lib/omniauth/strategies/facebook.rb:73:in `block in callback_phase'
  omniauth-facebook (2.0.1) lib/omniauth/strategies/facebook.rb:136:in `with_authorization_code!'
  omniauth-facebook (2.0.1) lib/omniauth/strategies/facebook.rb:72:in `callback_phase'
  omniauth (1.2.2) lib/omniauth/strategy.rb:227:in `callback_call'
  omniauth (1.2.2) lib/omniauth/strategy.rb:184:in `call!'
  omniauth (1.2.2) lib/omniauth/strategy.rb:164:in `call'
  warden (1.2.3) lib/warden/manager.rb:35:in `block in call'
  warden (1.2.3) lib/warden/manager.rb:34:in `call'
  rack (1.6.0) lib/rack/etag.rb:24:in `call'
  rack (1.6.0) lib/rack/conditionalget.rb:25:in `call'
  rack (1.6.0) lib/rack/head.rb:13:in `call'
  actionpack (4.2.0) lib/action_dispatch/middleware/params_parser.rb:27:in `call'
  actionpack (4.2.0) lib/action_dispatch/middleware/flash.rb:260:in `call'
  rack (1.6.0) lib/rack/session/abstract/id.rb:225:in `context'
  rack (1.6.0) lib/rack/session/abstract/id.rb:220:in `call'
  actionpack (4.2.0) lib/action_dispatch/middleware/cookies.rb:560:in `call'
  activerecord (4.2.0) lib/active_record/query_cache.rb:36:in `call'
  activerecord (4.2.0) lib/active_record/connection_adapters/abstract/connection_pool.rb:647:in `call'
  activerecord (4.2.0) lib/active_record/migration.rb:378:in `call'
  actionpack (4.2.0) lib/action_dispatch/middleware/callbacks.rb:29:in `block in call'
  activesupport (4.2.0) lib/active_support/callbacks.rb:88:in `_run_callbacks'
  activesupport (4.2.0) lib/active_support/callbacks.rb:734:in `_run_call_callbacks'
  activesupport (4.2.0) lib/active_support/callbacks.rb:81:in `run_callbacks'
  actionpack (4.2.0) lib/action_dispatch/middleware/callbacks.rb:27:in `call'
  actionpack (4.2.0) lib/action_dispatch/middleware/reloader.rb:73:in `call'
  actionpack (4.2.0) lib/action_dispatch/middleware/remote_ip.rb:78:in `call'
  better_errors (2.1.0) lib/better_errors/middleware.rb:84:in `protected_app_call'
  better_errors (2.1.0) lib/better_errors/middleware.rb:79:in `better_errors_call'
  better_errors (2.1.0) lib/better_errors/middleware.rb:57:in `call'
  web-console (2.0.0) lib/action_dispatch/debug_exceptions.rb:18:in `middleware_call'
  web-console (2.0.0) lib/action_dispatch/debug_exceptions.rb:13:in `call'
  actionpack (4.2.0) lib/action_dispatch/middleware/show_exceptions.rb:30:in `call'
  railties (4.2.0) lib/rails/rack/logger.rb:38:in `call_app'
  railties (4.2.0) lib/rails/rack/logger.rb:20:in `block in call'
  activesupport (4.2.0) lib/active_support/tagged_logging.rb:68:in `block in tagged'
  activesupport (4.2.0) lib/active_support/tagged_logging.rb:26:in `tagged'
  activesupport (4.2.0) lib/active_support/tagged_logging.rb:68:in `tagged'
  railties (4.2.0) lib/rails/rack/logger.rb:20:in `call'
  quiet_assets (1.1.0) lib/quiet_assets.rb:27:in `call_with_quiet_assets'
  actionpack (4.2.0) lib/action_dispatch/middleware/request_id.rb:21:in `call'
  rack (1.6.0) lib/rack/methodoverride.rb:22:in `call'
  rack (1.6.0) lib/rack/runtime.rb:18:in `call'
  activesupport (4.2.0) lib/active_support/cache/strategy/local_cache_middleware.rb:28:in `call'
  rack (1.6.0) lib/rack/lock.rb:17:in `call'
  actionpack (4.2.0) lib/action_dispatch/middleware/static.rb:113:in `call'
  rack (1.6.0) lib/rack/sendfile.rb:113:in `call'
  railties (4.2.0) lib/rails/engine.rb:518:in `call'
  railties (4.2.0) lib/rails/application.rb:164:in `call'
  rack (1.6.0) lib/rack/lock.rb:17:in `call'
  rack (1.6.0) lib/rack/content_length.rb:15:in `call'
  rack (1.6.0) lib/rack/handler/webrick.rb:89:in `service'
   () home/anil/.rvm/rubies/ruby-2.2.0/lib/ruby/2.2.0/webrick/httpserver.rb:138:in `service'
   () home/anil/.rvm/rubies/ruby-2.2.0/lib/ruby/2.2.0/webrick/httpserver.rb:94:in `run'
   () home/anil/.rvm/rubies/ruby-2.2.0/lib/ruby/2.2.0/webrick/server.rb:294:in `block in start_thread'



Started POST "/__better_errors/d7bf97dbcb7cb37e/variables" for 127.0.0.1 at 2015-04-15 00:41:16 +0530

NameError (wrong local variable name `#$!' for #<Binding:0x007f8d40689488>):
  better_errors (2.1.0) lib/better_errors/stack_frame.rb:73:in `local_variable_get'
  better_errors (2.1.0) lib/better_errors/stack_frame.rb:73:in `block in local_variables'
  better_errors (2.1.0) lib/better_errors/stack_frame.rb:71:in `each'
  better_errors (2.1.0) lib/better_errors/stack_frame.rb:71:in `each_with_object'
  better_errors (2.1.0) lib/better_errors/stack_frame.rb:71:in `local_variables'
  (erubis:52:in `render'
  erubis (2.7.0) lib/erubis/evaluator.rb:65:in `eval'
  erubis (2.7.0) lib/erubis/evaluator.rb:65:in `result'
  better_errors (2.1.0) lib/better_errors/error_page.rb:30:in `render'
  better_errors (2.1.0) lib/better_errors/error_page.rb:37:in `do_variables'
  better_errors (2.1.0) lib/better_errors/middleware.rb:132:in `internal_call'
  better_errors (2.1.0) lib/better_errors/middleware.rb:75:in `better_errors_call'
  better_errors (2.1.0) lib/better_errors/middleware.rb:57:in `call'
  web-console (2.0.0) lib/action_dispatch/debug_exceptions.rb:18:in `middleware_call'
  web-console (2.0.0) lib/action_dispatch/debug_exceptions.rb:13:in `call'
  actionpack (4.2.0) lib/action_dispatch/middleware/show_exceptions.rb:30:in `call'
  railties (4.2.0) lib/rails/rack/logger.rb:38:in `call_app'
  railties (4.2.0) lib/rails/rack/logger.rb:20:in `block in call'
  activesupport (4.2.0) lib/active_support/tagged_logging.rb:68:in `block in tagged'
  activesupport (4.2.0) lib/active_support/tagged_logging.rb:26:in `tagged'
  activesupport (4.2.0) lib/active_support/tagged_logging.rb:68:in `tagged'
  railties (4.2.0) lib/rails/rack/logger.rb:20:in `call'
  quiet_assets (1.1.0) lib/quiet_assets.rb:27:in `call_with_quiet_assets'
  actionpack (4.2.0) lib/action_dispatch/middleware/request_id.rb:21:in `call'
  rack (1.6.0) lib/rack/methodoverride.rb:22:in `call'
  rack (1.6.0) lib/rack/runtime.rb:18:in `call'
  activesupport (4.2.0) lib/active_support/cache/strategy/local_cache_middleware.rb:28:in `call'
  rack (1.6.0) lib/rack/lock.rb:17:in `call'
  actionpack (4.2.0) lib/action_dispatch/middleware/static.rb:113:in `call'
  rack (1.6.0) lib/rack/sendfile.rb:113:in `call'
  railties (4.2.0) lib/rails/engine.rb:518:in `call'
  railties (4.2.0) lib/rails/application.rb:164:in `call'
  rack (1.6.0) lib/rack/lock.rb:17:in `call'
  rack (1.6.0) lib/rack/content_length.rb:15:in `call'
  rack (1.6.0) lib/rack/handler/webrick.rb:89:in `service'
  /home/anil/.rvm/rubies/ruby-2.2.0/lib/ruby/2.2.0/webrick/httpserver.rb:138:in `service'
  /home/anil/.rvm/rubies/ruby-2.2.0/lib/ruby/2.2.0/webrick/httpserver.rb:94:in `run'
  /home/anil/.rvm/rubies/ruby-2.2.0/lib/ruby/2.2.0/webrick/server.rb:294:in `block in start_thread'


  Rendered /home/anil/.rvm/gems/ruby-2.2.0@rails-bootstrap/gems/web-console-2.0.0/lib/action_dispatch/templates/rescues/_source.erb (5.2ms)
  Rendered /home/anil/.rvm/gems/ruby-2.2.0@rails-bootstrap/gems/web-console-2.0.0/lib/action_dispatch/templates/rescues/_trace.html.erb (3.4ms)
  Rendered /home/anil/.rvm/gems/ruby-2.2.0@rails-bootstrap/gems/web-console-2.0.0/lib/action_dispatch/templates/rescues/_request_and_response.html.erb (1.8ms)
  Rendered /home/anil/.rvm/gems/ruby-2.2.0@rails-bootstrap/gems/web-console-2.0.0/lib/action_dispatch/templates/rescues/_web_console.html.erb (1.3ms)
  Rendered /home/anil/.rvm/gems/ruby-2.2.0@rails-bootstrap/gems/web-console-2.0.0/lib/action_dispatch/templates/rescues/diagnostics.html.erb within rescues/layout (53.8ms)


Started GET "/" for 127.0.0.1 at 2015-04-15 00:52:37 +0530
  [1m[36mActiveRecord::SchemaMigration Load (0.2ms)[0m  [1mSELECT "schema_migrations".* FROM "schema_migrations"[0m
Processing by VisitorsController#index as HTML
Completed 401 Unauthorized in 35ms


Started GET "/users/sign_in" for 127.0.0.1 at 2015-04-15 00:52:37 +0530
Processing by Devise::SessionsController#new as HTML
  Rendered devise/shared/_links.erb (25.1ms)
  Rendered devise/sessions/new.html.erb within layouts/application (52.4ms)
  Rendered layouts/_navigation_links.html.erb (0.6ms)
  Rendered layouts/_navigation.html.erb (2.3ms)
  Rendered layouts/_messages.html.erb (0.6ms)
Completed 200 OK in 568ms (Views: 545.5ms | ActiveRecord: 0.5ms)


Started GET "/users/auth/facebook" for 127.0.0.1 at 2015-04-15 00:52:41 +0530


Started GET "/users/auth/facebook" for 127.0.0.1 at 2015-04-15 00:52:41 +0530


Started GET "/pages/about" for 127.0.0.1 at 2015-04-15 01:20:09 +0530
  [1m[36mActiveRecord::SchemaMigration Load (0.1ms)[0m  [1mSELECT "schema_migrations".* FROM "schema_migrations"[0m
Processing by HighVoltage::PagesController#show as HTML
  Parameters: {"id"=>"about"}
Completed 401 Unauthorized in 35ms


Started GET "/users/sign_in" for 127.0.0.1 at 2015-04-15 01:20:10 +0530
Processing by Devise::SessionsController#new as HTML
  Rendered devise/shared/_links.erb (23.7ms)
  Rendered devise/sessions/new.html.erb within layouts/application (51.2ms)
  Rendered layouts/_navigation_links.html.erb (0.6ms)
  Rendered layouts/_navigation.html.erb (2.7ms)
  Rendered layouts/_messages.html.erb (0.6ms)
Completed 200 OK in 404ms (Views: 378.7ms | ActiveRecord: 0.5ms)


Started GET "/" for 127.0.0.1 at 2015-04-15 01:20:12 +0530
Processing by VisitorsController#index as HTML
Completed 401 Unauthorized in 1ms


Started GET "/users/sign_in" for 127.0.0.1 at 2015-04-15 01:20:12 +0530
Processing by Devise::SessionsController#new as HTML
  Rendered devise/shared/_links.erb (25.7ms)
  Rendered devise/sessions/new.html.erb within layouts/application (33.8ms)
  Rendered layouts/_navigation_links.html.erb (0.2ms)
  Rendered layouts/_navigation.html.erb (1.4ms)
  Rendered layouts/_messages.html.erb (0.1ms)
Completed 200 OK in 205ms (Views: 203.7ms | ActiveRecord: 0.0ms)


Started POST "/users/sign_in" for 127.0.0.1 at 2015-04-15 01:20:22 +0530
Processing by Devise::SessionsController#create as HTML
  Parameters: {"utf8"=>"✓", "authenticity_token"=>"8tqn8imRDb9ijUS0T1yU/9IJUMG3avQzJIka2Tod4uGgzJLQH8aDwJuYO/QLd9yAZCDsHNyLKWuKV2k475G7gw==", "user"=>{"email"=>"", "password"=>"[FILTERED]", "remember_me"=>"0"}, "commit"=>"Sign in"}
Completed 401 Unauthorized in 2ms
Processing by Devise::SessionsController#new as HTML
  Parameters: {"utf8"=>"✓", "authenticity_token"=>"8tqn8imRDb9ijUS0T1yU/9IJUMG3avQzJIka2Tod4uGgzJLQH8aDwJuYO/QLd9yAZCDsHNyLKWuKV2k475G7gw==", "user"=>{"email"=>"", "password"=>"[FILTERED]", "remember_me"=>"0"}, "commit"=>"Sign in"}
  Rendered devise/shared/_links.erb (26.1ms)
  Rendered devise/sessions/new.html.erb within layouts/application (35.2ms)
  Rendered layouts/_navigation_links.html.erb (0.2ms)
  Rendered layouts/_navigation.html.erb (1.4ms)
  Rendered layouts/_messages.html.erb (0.1ms)
Completed 200 OK in 211ms (Views: 208.8ms | ActiveRecord: 0.0ms)
